This file contains any messages produced by compilers while
running configure, to aid debugging if configure makes a mistake.

It was created by configure, which was
generated by GNU Autoconf 2.63.  Invocation command line was

  $ ./configure 

## --------- ##
## Platform. ##
## --------- ##

hostname = jingjok
uname -m = i686
uname -r = 3.0.0-12-generic
uname -s = Linux
uname -v = #20-Ubuntu SMP Fri Oct 7 14:50:42 UTC 2011

/usr/bin/uname -p = unknown
/bin/uname -X     = unknown

/bin/arch              = unknown
/usr/bin/arch -k       = unknown
/usr/convex/getsysinfo = unknown
/usr/bin/hostinfo      = unknown
/bin/machine           = unknown
/usr/bin/oslevel       = unknown
/bin/universe          = unknown

PATH: /home/bking/dev/bsrc/stratagusai/engine/trunk
PATH: /usr/lib/lightdm/lightdm
PATH: /usr/local/sbin
PATH: /usr/local/bin
PATH: /usr/sbin
PATH: /usr/bin
PATH: /sbin
PATH: /bin
PATH: /usr/games


## ----------- ##
## Core tests. ##
## ----------- ##

configure:1878: checking for g++
configure:1894: found /usr/bin/g++
configure:1905: result: g++
configure:1932: checking for C++ compiler version
configure:1940: g++ --version >&5
g++ (Ubuntu/Linaro 4.6.1-9ubuntu3) 4.6.1
Copyright (C) 2011 Free Software Foundation, Inc.
This is free software; see the source for copying conditions.  There is NO
warranty; not even for MERCHANTABILITY or FITNESS FOR A PARTICULAR PURPOSE.

configure:1944: $? = 0
configure:1951: g++ -v >&5
Using built-in specs.
COLLECT_GCC=g++
COLLECT_LTO_WRAPPER=/usr/lib/gcc/i686-linux-gnu/4.6.1/lto-wrapper
Target: i686-linux-gnu
Configured with: ../src/configure -v --with-pkgversion='Ubuntu/Linaro 4.6.1-9ubuntu3' --with-bugurl=file:///usr/share/doc/gcc-4.6/README.Bugs --enable-languages=c,c++,fortran,objc,obj-c++,go --prefix=/usr --program-suffix=-4.6 --enable-shared --enable-linker-build-id --with-system-zlib --libexecdir=/usr/lib --without-included-gettext --enable-threads=posix --with-gxx-include-dir=/usr/include/c++/4.6 --libdir=/usr/lib --enable-nls --with-sysroot=/ --enable-clocale=gnu --enable-libstdcxx-debug --enable-libstdcxx-time=yes --enable-plugin --enable-objc-gc --enable-targets=all --disable-werror --with-arch-32=i686 --with-tune=generic --enable-checking=release --build=i686-linux-gnu --host=i686-linux-gnu --target=i686-linux-gnu
Thread model: posix
gcc version 4.6.1 (Ubuntu/Linaro 4.6.1-9ubuntu3) 
configure:1955: $? = 0
configure:1962: g++ -V >&5
g++: error: unrecognized option '-V'
g++: fatal error: no input files
compilation terminated.
configure:1966: $? = 4
configure:1989: checking for C++ compiler default output file name
configure:2011: g++    conftest.cpp  >&5
configure:2015: $? = 0
configure:2053: result: a.out
configure:2072: checking whether the C++ compiler works
configure:2082: ./a.out
configure:2086: $? = 0
configure:2105: result: yes
configure:2112: checking whether we are cross compiling
configure:2114: result: no
configure:2117: checking for suffix of executables
configure:2124: g++ -o conftest    conftest.cpp  >&5
configure:2128: $? = 0
configure:2154: result: 
configure:2160: checking for suffix of object files
configure:2186: g++ -c   conftest.cpp >&5
configure:2190: $? = 0
configure:2215: result: o
configure:2219: checking whether we are using the GNU C++ compiler
configure:2248: g++ -c   conftest.cpp >&5
configure:2255: $? = 0
configure:2272: result: yes
configure:2281: checking whether g++ accepts -g
configure:2311: g++ -c -g  conftest.cpp >&5
configure:2318: $? = 0
configure:2419: result: yes
configure:2559: checking for gcc
configure:2575: found /usr/bin/gcc
configure:2586: result: gcc
configure:2818: checking for C compiler version
configure:2826: gcc --version >&5
gcc (Ubuntu/Linaro 4.6.1-9ubuntu3) 4.6.1
Copyright (C) 2011 Free Software Foundation, Inc.
This is free software; see the source for copying conditions.  There is NO
warranty; not even for MERCHANTABILITY or FITNESS FOR A PARTICULAR PURPOSE.

configure:2830: $? = 0
configure:2837: gcc -v >&5
Using built-in specs.
COLLECT_GCC=gcc
COLLECT_LTO_WRAPPER=/usr/lib/gcc/i686-linux-gnu/4.6.1/lto-wrapper
Target: i686-linux-gnu
Configured with: ../src/configure -v --with-pkgversion='Ubuntu/Linaro 4.6.1-9ubuntu3' --with-bugurl=file:///usr/share/doc/gcc-4.6/README.Bugs --enable-languages=c,c++,fortran,objc,obj-c++,go --prefix=/usr --program-suffix=-4.6 --enable-shared --enable-linker-build-id --with-system-zlib --libexecdir=/usr/lib --without-included-gettext --enable-threads=posix --with-gxx-include-dir=/usr/include/c++/4.6 --libdir=/usr/lib --enable-nls --with-sysroot=/ --enable-clocale=gnu --enable-libstdcxx-debug --enable-libstdcxx-time=yes --enable-plugin --enable-objc-gc --enable-targets=all --disable-werror --with-arch-32=i686 --with-tune=generic --enable-checking=release --build=i686-linux-gnu --host=i686-linux-gnu --target=i686-linux-gnu
Thread model: posix
gcc version 4.6.1 (Ubuntu/Linaro 4.6.1-9ubuntu3) 
configure:2841: $? = 0
configure:2848: gcc -V >&5
gcc: error: unrecognized option '-V'
gcc: fatal error: no input files
compilation terminated.
configure:2852: $? = 4
configure:2855: checking whether we are using the GNU C compiler
configure:2884: gcc -c   -I/usr/include/lua50 -I/usr/include/lua5.1 conftest.c >&5
configure:2891: $? = 0
configure:2908: result: yes
configure:2917: checking whether gcc accepts -g
configure:2947: gcc -c -g  -I/usr/include/lua50 -I/usr/include/lua5.1 conftest.c >&5
configure:2954: $? = 0
configure:3055: result: yes
configure:3072: checking for gcc option to accept ISO C89
configure:3146: gcc  -c -g -O2  -I/usr/include/lua50 -I/usr/include/lua5.1 conftest.c >&5
configure:3153: $? = 0
configure:3176: result: none needed
configure:3199: checking for strcasestr
configure:3255: gcc -o conftest -g -O2  -I/usr/include/lua50 -I/usr/include/lua5.1  conftest.c  >&5
configure:3262: $? = 0
configure:3284: result: yes
configure:3300: checking for strnlen
configure:3356: gcc -o conftest -g -O2  -I/usr/include/lua50 -I/usr/include/lua5.1  conftest.c  >&5
configure:3363: $? = 0
configure:3385: result: yes
configure:3403: checking how to run the C preprocessor
configure:3443: gcc -E  -I/usr/include/lua50 -I/usr/include/lua5.1 conftest.c
configure:3450: $? = 0
configure:3481: gcc -E  -I/usr/include/lua50 -I/usr/include/lua5.1 conftest.c
conftest.c:10:28: fatal error: ac_nonexistent.h: No such file or directory
compilation terminated.
configure:3488: $? = 1
configure: failed program was:
| /* confdefs.h.  */
| #define PACKAGE_NAME ""
| #define PACKAGE_TARNAME ""
| #define PACKAGE_VERSION ""
| #define PACKAGE_STRING ""
| #define PACKAGE_BUGREPORT ""
| #define HAVE_STRCASESTR 1
| #define HAVE_STRNLEN 1
| /* end confdefs.h.  */
| #include <ac_nonexistent.h>
configure:3521: result: gcc -E
configure:3550: gcc -E  -I/usr/include/lua50 -I/usr/include/lua5.1 conftest.c
configure:3557: $? = 0
configure:3588: gcc -E  -I/usr/include/lua50 -I/usr/include/lua5.1 conftest.c
conftest.c:10:28: fatal error: ac_nonexistent.h: No such file or directory
compilation terminated.
configure:3595: $? = 1
configure: failed program was:
| /* confdefs.h.  */
| #define PACKAGE_NAME ""
| #define PACKAGE_TARNAME ""
| #define PACKAGE_VERSION ""
| #define PACKAGE_STRING ""
| #define PACKAGE_BUGREPORT ""
| #define HAVE_STRCASESTR 1
| #define HAVE_STRNLEN 1
| /* end confdefs.h.  */
| #include <ac_nonexistent.h>
configure:3635: checking for X
configure:3750: gcc -E  -I/usr/include/lua50 -I/usr/include/lua5.1 conftest.c
configure:3757: $? = 0
configure:3806: gcc -o conftest -g -O2  -I/usr/include/lua50 -I/usr/include/lua5.1  conftest.c -lX11  >&5
configure:3813: $? = 0
configure:3875: result: libraries , headers 
configure:3894: checking for grep that handles long lines and -e
configure:3954: result: /bin/grep
configure:3959: checking for egrep
configure:4023: result: /bin/grep -E
configure:4028: checking for ANSI C header files
configure:4058: gcc -c -g -O2  -I/usr/include/lua50 -I/usr/include/lua5.1 conftest.c >&5
configure:4065: $? = 0
configure:4164: gcc -o conftest -g -O2  -I/usr/include/lua50 -I/usr/include/lua5.1  -lX11 conftest.c  >&5
configure:4168: $? = 0
configure:4174: ./conftest
configure:4178: $? = 0
configure:4196: result: yes
configure:4220: checking for sys/types.h
configure:4241: gcc -c -g -O2  -I/usr/include/lua50 -I/usr/include/lua5.1 conftest.c >&5
configure:4248: $? = 0
configure:4265: result: yes
configure:4220: checking for sys/stat.h
configure:4241: gcc -c -g -O2  -I/usr/include/lua50 -I/usr/include/lua5.1 conftest.c >&5
configure:4248: $? = 0
configure:4265: result: yes
configure:4220: checking for stdlib.h
configure:4241: gcc -c -g -O2  -I/usr/include/lua50 -I/usr/include/lua5.1 conftest.c >&5
configure:4248: $? = 0
configure:4265: result: yes
configure:4220: checking for string.h
configure:4241: gcc -c -g -O2  -I/usr/include/lua50 -I/usr/include/lua5.1 conftest.c >&5
configure:4248: $? = 0
configure:4265: result: yes
configure:4220: checking for memory.h
configure:4241: gcc -c -g -O2  -I/usr/include/lua50 -I/usr/include/lua5.1 conftest.c >&5
configure:4248: $? = 0
configure:4265: result: yes
configure:4220: checking for strings.h
configure:4241: gcc -c -g -O2  -I/usr/include/lua50 -I/usr/include/lua5.1 conftest.c >&5
configure:4248: $? = 0
configure:4265: result: yes
configure:4220: checking for inttypes.h
configure:4241: gcc -c -g -O2  -I/usr/include/lua50 -I/usr/include/lua5.1 conftest.c >&5
configure:4248: $? = 0
configure:4265: result: yes
configure:4220: checking for stdint.h
configure:4241: gcc -c -g -O2  -I/usr/include/lua50 -I/usr/include/lua5.1 conftest.c >&5
configure:4248: $? = 0
configure:4265: result: yes
configure:4220: checking for unistd.h
configure:4241: gcc -c -g -O2  -I/usr/include/lua50 -I/usr/include/lua5.1 conftest.c >&5
configure:4248: $? = 0
configure:4265: result: yes
configure:4289: checking zlib.h usability
configure:4306: gcc -c -g -O2  -I/usr/include/lua50 -I/usr/include/lua5.1 conftest.c >&5
configure:4313: $? = 0
configure:4327: result: yes
configure:4331: checking zlib.h presence
configure:4346: gcc -E  -I/usr/include/lua50 -I/usr/include/lua5.1 conftest.c
configure:4353: $? = 0
configure:4367: result: yes
configure:4395: checking for zlib.h
configure:4402: result: yes
configure:4425: checking png.h usability
configure:4442: gcc -c -g -O2  -I/usr/include/lua50 -I/usr/include/lua5.1 conftest.c >&5
configure:4449: $? = 0
configure:4463: result: yes
configure:4467: checking png.h presence
configure:4482: gcc -E  -I/usr/include/lua50 -I/usr/include/lua5.1 conftest.c
configure:4489: $? = 0
configure:4503: result: yes
configure:4531: checking for png.h
configure:4538: result: yes
configure:4787: checking bzlib.h usability
configure:4804: gcc -c -g -O2  -I/usr/include/lua50 -I/usr/include/lua5.1 conftest.c >&5
configure:4811: $? = 0
configure:4825: result: yes
configure:4829: checking bzlib.h presence
configure:4844: gcc -E  -I/usr/include/lua50 -I/usr/include/lua5.1 conftest.c
configure:4851: $? = 0
configure:4865: result: yes
configure:4893: checking for bzlib.h
configure:4900: result: yes
configure:4912: checking for main in -lbz2
configure:4941: gcc -o conftest -g -O2  -I/usr/include/lua50 -I/usr/include/lua5.1  -lX11 conftest.c -lbz2   >&5
configure:4948: $? = 0
configure:4969: result: yes
configure:5002: checking ogg/ogg.h usability
configure:5019: gcc -c -g -O2  -I/usr/include/lua50 -I/usr/include/lua5.1 -DUSE_BZ2LIB conftest.c >&5
configure:5026: $? = 0
configure:5040: result: yes
configure:5044: checking ogg/ogg.h presence
configure:5059: gcc -E  -I/usr/include/lua50 -I/usr/include/lua5.1 -DUSE_BZ2LIB conftest.c
configure:5066: $? = 0
configure:5080: result: yes
configure:5108: checking for ogg/ogg.h
configure:5115: result: yes
configure:5136: checking vorbis/codec.h usability
configure:5153: gcc -c -g -O2  -I/usr/include/lua50 -I/usr/include/lua5.1 -DUSE_BZ2LIB conftest.c >&5
configure:5160: $? = 0
configure:5174: result: yes
configure:5178: checking vorbis/codec.h presence
configure:5193: gcc -E  -I/usr/include/lua50 -I/usr/include/lua5.1 -DUSE_BZ2LIB conftest.c
configure:5200: $? = 0
configure:5214: result: yes
configure:5242: checking for vorbis/codec.h
configure:5249: result: yes
configure:5261: checking for vorbis_info_init in -lvorbis
configure:5296: gcc -o conftest -g -O2  -I/usr/include/lua50 -I/usr/include/lua5.1 -DUSE_BZ2LIB  -lX11 -lbz2 conftest.c -lvorbis -logg  >&5
configure:5303: $? = 0
configure:5324: result: yes
configure:5719: checking mikmod.h usability
configure:5736: gcc -c -g -O2  -I/usr/include/lua50 -I/usr/include/lua5.1 -DUSE_BZ2LIB -DUSE_VORBIS conftest.c >&5
conftest.c:54:20: fatal error: mikmod.h: No such file or directory
compilation terminated.
configure:5743: $? = 1
configure: failed program was:
| /* confdefs.h.  */
| #define PACKAGE_NAME ""
| #define PACKAGE_TARNAME ""
| #define PACKAGE_VERSION ""
| #define PACKAGE_STRING ""
| #define PACKAGE_BUGREPORT ""
| #define HAVE_STRCASESTR 1
| #define HAVE_STRNLEN 1
| #define HAVE_X 1
| #define STDC_HEADERS 1
| #define HAVE_SYS_TYPES_H 1
| #define HAVE_SYS_STAT_H 1
| #define HAVE_STDLIB_H 1
| #define HAVE_STRING_H 1
| #define HAVE_MEMORY_H 1
| #define HAVE_STRINGS_H 1
| #define HAVE_INTTYPES_H 1
| #define HAVE_STDINT_H 1
| #define HAVE_UNISTD_H 1
| /* end confdefs.h.  */
| #include <stdio.h>
| #ifdef HAVE_SYS_TYPES_H
| # include <sys/types.h>
| #endif
| #ifdef HAVE_SYS_STAT_H
| # include <sys/stat.h>
| #endif
| #ifdef STDC_HEADERS
| # include <stdlib.h>
| # include <stddef.h>
| #else
| # ifdef HAVE_STDLIB_H
| #  include <stdlib.h>
| # endif
| #endif
| #ifdef HAVE_STRING_H
| # if !defined STDC_HEADERS && defined HAVE_MEMORY_H
| #  include <memory.h>
| # endif
| # include <string.h>
| #endif
| #ifdef HAVE_STRINGS_H
| # include <strings.h>
| #endif
| #ifdef HAVE_INTTYPES_H
| # include <inttypes.h>
| #endif
| #ifdef HAVE_STDINT_H
| # include <stdint.h>
| #endif
| #ifdef HAVE_UNISTD_H
| # include <unistd.h>
| #endif
| #include <mikmod.h>
configure:5757: result: no
configure:5761: checking mikmod.h presence
configure:5776: gcc -E  -I/usr/include/lua50 -I/usr/include/lua5.1 -DUSE_BZ2LIB -DUSE_VORBIS conftest.c
conftest.c:21:20: fatal error: mikmod.h: No such file or directory
compilation terminated.
configure:5783: $? = 1
configure: failed program was:
| /* confdefs.h.  */
| #define PACKAGE_NAME ""
| #define PACKAGE_TARNAME ""
| #define PACKAGE_VERSION ""
| #define PACKAGE_STRING ""
| #define PACKAGE_BUGREPORT ""
| #define HAVE_STRCASESTR 1
| #define HAVE_STRNLEN 1
| #define HAVE_X 1
| #define STDC_HEADERS 1
| #define HAVE_SYS_TYPES_H 1
| #define HAVE_SYS_STAT_H 1
| #define HAVE_STDLIB_H 1
| #define HAVE_STRING_H 1
| #define HAVE_MEMORY_H 1
| #define HAVE_STRINGS_H 1
| #define HAVE_INTTYPES_H 1
| #define HAVE_STDINT_H 1
| #define HAVE_UNISTD_H 1
| /* end confdefs.h.  */
| #include <mikmod.h>
configure:5797: result: no
configure:5825: checking for mikmod.h
configure:5832: result: no
configure:6151: checking lua.h usability
configure:6168: gcc -c -g -O2  -I/usr/include/lua50 -I/usr/include/lua5.1 -DUSE_BZ2LIB -DUSE_VORBIS conftest.c >&5
configure:6175: $? = 0
configure:6189: result: yes
configure:6193: checking lua.h presence
configure:6208: gcc -E  -I/usr/include/lua50 -I/usr/include/lua5.1 -DUSE_BZ2LIB -DUSE_VORBIS conftest.c
configure:6215: $? = 0
configure:6229: result: yes
configure:6257: checking for lua.h
configure:6264: result: yes
configure:6277: checking for library containing lua_getfenv
configure:6318: gcc -o conftest -g -O2  -I/usr/include/lua50 -I/usr/include/lua5.1 -DUSE_BZ2LIB -DUSE_VORBIS  -lX11 -lbz2 -lvorbis -logg -ldl conftest.c  >&5
/tmp/ccHDwPwK.o: In function `main':
/home/bking/dev/bsrc/stratagusai/engine/trunk/conftest.c:32: undefined reference to `lua_getfenv'
collect2: ld returned 1 exit status
configure:6325: $? = 1
configure: failed program was:
| /* confdefs.h.  */
| #define PACKAGE_NAME ""
| #define PACKAGE_TARNAME ""
| #define PACKAGE_VERSION ""
| #define PACKAGE_STRING ""
| #define PACKAGE_BUGREPORT ""
| #define HAVE_STRCASESTR 1
| #define HAVE_STRNLEN 1
| #define HAVE_X 1
| #define STDC_HEADERS 1
| #define HAVE_SYS_TYPES_H 1
| #define HAVE_SYS_STAT_H 1
| #define HAVE_STDLIB_H 1
| #define HAVE_STRING_H 1
| #define HAVE_MEMORY_H 1
| #define HAVE_STRINGS_H 1
| #define HAVE_INTTYPES_H 1
| #define HAVE_STDINT_H 1
| #define HAVE_UNISTD_H 1
| /* end confdefs.h.  */
| 
| /* Override any GCC internal prototype to avoid an error.
|    Use char because int might match the return type of a GCC
|    builtin and then its argument prototype would still apply.  */
| #ifdef __cplusplus
| extern "C"
| #endif
| char lua_getfenv ();
| int
| main ()
| {
| return lua_getfenv ();
|   ;
|   return 0;
| }
configure:6318: gcc -o conftest -g -O2  -I/usr/include/lua50 -I/usr/include/lua5.1 -DUSE_BZ2LIB -DUSE_VORBIS  -lX11 -lbz2 -lvorbis -logg -ldl conftest.c -llua   >&5
/usr/bin/ld: cannot find -llua
collect2: ld returned 1 exit status
configure:6325: $? = 1
configure: failed program was:
| /* confdefs.h.  */
| #define PACKAGE_NAME ""
| #define PACKAGE_TARNAME ""
| #define PACKAGE_VERSION ""
| #define PACKAGE_STRING ""
| #define PACKAGE_BUGREPORT ""
| #define HAVE_STRCASESTR 1
| #define HAVE_STRNLEN 1
| #define HAVE_X 1
| #define STDC_HEADERS 1
| #define HAVE_SYS_TYPES_H 1
| #define HAVE_SYS_STAT_H 1
| #define HAVE_STDLIB_H 1
| #define HAVE_STRING_H 1
| #define HAVE_MEMORY_H 1
| #define HAVE_STRINGS_H 1
| #define HAVE_INTTYPES_H 1
| #define HAVE_STDINT_H 1
| #define HAVE_UNISTD_H 1
| /* end confdefs.h.  */
| 
| /* Override any GCC internal prototype to avoid an error.
|    Use char because int might match the return type of a GCC
|    builtin and then its argument prototype would still apply.  */
| #ifdef __cplusplus
| extern "C"
| #endif
| char lua_getfenv ();
| int
| main ()
| {
| return lua_getfenv ();
|   ;
|   return 0;
| }
configure:6318: gcc -o conftest -g -O2  -I/usr/include/lua50 -I/usr/include/lua5.1 -DUSE_BZ2LIB -DUSE_VORBIS  -lX11 -lbz2 -lvorbis -logg -ldl conftest.c -llua50   >&5
configure:6325: $? = 0
configure:6356: result: -llua50
configure:6368: checking for library containing luaopen_base
configure:6409: gcc -o conftest -g -O2  -I/usr/include/lua50 -I/usr/include/lua5.1 -DUSE_BZ2LIB -DUSE_VORBIS  -lX11 -lbz2 -lvorbis -logg -ldl -llua50  conftest.c -llua50  >&5
/tmp/cckr9Fs7.o: In function `main':
/home/bking/dev/bsrc/stratagusai/engine/trunk/conftest.c:32: undefined reference to `luaopen_base'
collect2: ld returned 1 exit status
configure:6416: $? = 1
configure: failed program was:
| /* confdefs.h.  */
| #define PACKAGE_NAME ""
| #define PACKAGE_TARNAME ""
| #define PACKAGE_VERSION ""
| #define PACKAGE_STRING ""
| #define PACKAGE_BUGREPORT ""
| #define HAVE_STRCASESTR 1
| #define HAVE_STRNLEN 1
| #define HAVE_X 1
| #define STDC_HEADERS 1
| #define HAVE_SYS_TYPES_H 1
| #define HAVE_SYS_STAT_H 1
| #define HAVE_STDLIB_H 1
| #define HAVE_STRING_H 1
| #define HAVE_MEMORY_H 1
| #define HAVE_STRINGS_H 1
| #define HAVE_INTTYPES_H 1
| #define HAVE_STDINT_H 1
| #define HAVE_UNISTD_H 1
| /* end confdefs.h.  */
| 
| /* Override any GCC internal prototype to avoid an error.
|    Use char because int might match the return type of a GCC
|    builtin and then its argument prototype would still apply.  */
| #ifdef __cplusplus
| extern "C"
| #endif
| char luaopen_base ();
| int
| main ()
| {
| return luaopen_base ();
|   ;
|   return 0;
| }
configure:6409: gcc -o conftest -g -O2  -I/usr/include/lua50 -I/usr/include/lua5.1 -DUSE_BZ2LIB -DUSE_VORBIS  -lX11 -lbz2 -lvorbis -logg -ldl -llua50  conftest.c -llualib  -llua50  >&5
/usr/bin/ld: cannot find -llualib
collect2: ld returned 1 exit status
configure:6416: $? = 1
configure: failed program was:
| /* confdefs.h.  */
| #define PACKAGE_NAME ""
| #define PACKAGE_TARNAME ""
| #define PACKAGE_VERSION ""
| #define PACKAGE_STRING ""
| #define PACKAGE_BUGREPORT ""
| #define HAVE_STRCASESTR 1
| #define HAVE_STRNLEN 1
| #define HAVE_X 1
| #define STDC_HEADERS 1
| #define HAVE_SYS_TYPES_H 1
| #define HAVE_SYS_STAT_H 1
| #define HAVE_STDLIB_H 1
| #define HAVE_STRING_H 1
| #define HAVE_MEMORY_H 1
| #define HAVE_STRINGS_H 1
| #define HAVE_INTTYPES_H 1
| #define HAVE_STDINT_H 1
| #define HAVE_UNISTD_H 1
| /* end confdefs.h.  */
| 
| /* Override any GCC internal prototype to avoid an error.
|    Use char because int might match the return type of a GCC
|    builtin and then its argument prototype would still apply.  */
| #ifdef __cplusplus
| extern "C"
| #endif
| char luaopen_base ();
| int
| main ()
| {
| return luaopen_base ();
|   ;
|   return 0;
| }
configure:6409: gcc -o conftest -g -O2  -I/usr/include/lua50 -I/usr/include/lua5.1 -DUSE_BZ2LIB -DUSE_VORBIS  -lX11 -lbz2 -lvorbis -logg -ldl -llua50  conftest.c -llualib50  -llua50  >&5
configure:6416: $? = 0
configure:6447: result: -llualib50
configure:6464: checking for sdl-config
configure:6480: found /usr/bin/sdl-config
configure:6491: result: sdl-config
configure:6694: creating ./config.status

## ---------------------- ##
## Running config.status. ##
## ---------------------- ##

This file was extended by config.status, which was
generated by GNU Autoconf 2.63.  Invocation command line was

  CONFIG_FILES    = 
  CONFIG_HEADERS  = 
  CONFIG_LINKS    = 
  CONFIG_COMMANDS = 
  $ ./config.status 

on jingjok

config.status:732: creating Rules.make
config.status:732: creating config.h

## ---------------- ##
## Cache variables. ##
## ---------------- ##

ac_cv_c_compiler_gnu=yes
ac_cv_cxx_compiler_gnu=yes
ac_cv_env_CCC_set=
ac_cv_env_CCC_value=
ac_cv_env_CC_set=
ac_cv_env_CC_value=
ac_cv_env_CFLAGS_set=
ac_cv_env_CFLAGS_value=
ac_cv_env_CPPFLAGS_set=
ac_cv_env_CPPFLAGS_value=
ac_cv_env_CPP_set=
ac_cv_env_CPP_value=
ac_cv_env_CXXFLAGS_set=
ac_cv_env_CXXFLAGS_value=
ac_cv_env_CXX_set=
ac_cv_env_CXX_value=
ac_cv_env_LDFLAGS_set=
ac_cv_env_LDFLAGS_value=
ac_cv_env_LIBS_set=
ac_cv_env_LIBS_value=
ac_cv_env_XMKMF_set=
ac_cv_env_XMKMF_value=
ac_cv_env_build_alias_set=
ac_cv_env_build_alias_value=
ac_cv_env_host_alias_set=
ac_cv_env_host_alias_value=
ac_cv_env_target_alias_set=
ac_cv_env_target_alias_value=
ac_cv_func_strcasestr=yes
ac_cv_func_strnlen=yes
ac_cv_have_x='have_x=yes	ac_x_includes='\'''\''	ac_x_libraries='\'''\'''
ac_cv_header_bzlib_h=yes
ac_cv_header_inttypes_h=yes
ac_cv_header_lua_h=yes
ac_cv_header_memory_h=yes
ac_cv_header_mikmod_h=no
ac_cv_header_ogg_ogg_h=yes
ac_cv_header_png_h=yes
ac_cv_header_stdc=yes
ac_cv_header_stdint_h=yes
ac_cv_header_stdlib_h=yes
ac_cv_header_string_h=yes
ac_cv_header_strings_h=yes
ac_cv_header_sys_stat_h=yes
ac_cv_header_sys_types_h=yes
ac_cv_header_unistd_h=yes
ac_cv_header_vorbis_codec_h=yes
ac_cv_header_zlib_h=yes
ac_cv_lib_bz2_main=yes
ac_cv_lib_vorbis_vorbis_info_init=yes
ac_cv_objext=o
ac_cv_path_EGREP='/bin/grep -E'
ac_cv_path_GREP=/bin/grep
ac_cv_prog_CPP='gcc -E'
ac_cv_prog_SDLCONFIG=sdl-config
ac_cv_prog_ac_ct_CC=gcc
ac_cv_prog_ac_ct_CXX=g++
ac_cv_prog_cc_c89=
ac_cv_prog_cc_g=yes
ac_cv_prog_cxx_g=yes
ac_cv_search_lua_getfenv=-llua50
ac_cv_search_luaopen_base=-llualib50

## ----------------- ##
## Output variables. ##
## ----------------- ##

CC='gcc'
CFLAGS='-g -O2'
CPP='gcc -E'
CPPFLAGS=' -I/usr/include/lua50 -I/usr/include/lua5.1 -DUSE_BZ2LIB -DUSE_VORBIS -I/usr/include/SDL -D_GNU_SOURCE=1 -D_REENTRANT'
CXX='g++'
CXXFLAGS=' -O2 -pipe -fsigned-char -fomit-frame-pointer -fexpensive-optimizations -ffast-math'
DEFS='-DHAVE_CONFIG_H'
ECHO_C=''
ECHO_N='-n'
ECHO_T=''
EGREP='/bin/grep -E'
EXEEXT=''
GREP='/bin/grep'
LDFLAGS=' -lX11 -lbz2 -lvorbis -logg -ldl -llua50  -llualib50 -llua50  -L/usr/lib -lSDL'
LIBOBJS=''
LIBS='-llualib50 -llua50 '
LTLIBOBJS=''
OBJDIR='obj'
OBJEXT='o'
PACKAGE_BUGREPORT=''
PACKAGE_NAME=''
PACKAGE_STRING=''
PACKAGE_TARNAME=''
PACKAGE_VERSION=''
PATH_SEPARATOR=':'
PREFIX='/usr/local'
SDLCONFIG='sdl-config'
SHELL='/bin/bash'
XMKMF=''
ac_ct_CC='gcc'
ac_ct_CXX='g++'
bindir='${exec_prefix}/bin'
build_alias=''
datadir='${datarootdir}'
datarootdir='${prefix}/share'
docdir='${datarootdir}/doc/${PACKAGE}'
dvidir='${docdir}'
exec_prefix='${prefix}'
host_alias=''
htmldir='${docdir}'
includedir='${prefix}/include'
infodir='${datarootdir}/info'
libdir='${exec_prefix}/lib'
libexecdir='${exec_prefix}/libexec'
localedir='${datarootdir}/locale'
localstatedir='${prefix}/var'
mandir='${datarootdir}/man'
oldincludedir='/usr/include'
pdfdir='${docdir}'
prefix='/usr/local'
program_transform_name='s,x,x,'
psdir='${docdir}'
sbindir='${exec_prefix}/sbin'
sharedstatedir='${prefix}/com'
sysconfdir='${prefix}/etc'
target_alias=''

## ----------- ##
## confdefs.h. ##
## ----------- ##

#define PACKAGE_NAME ""
#define PACKAGE_TARNAME ""
#define PACKAGE_VERSION ""
#define PACKAGE_STRING ""
#define PACKAGE_BUGREPORT ""
#define HAVE_STRCASESTR 1
#define HAVE_STRNLEN 1
#define HAVE_X 1
#define STDC_HEADERS 1
#define HAVE_SYS_TYPES_H 1
#define HAVE_SYS_STAT_H 1
#define HAVE_STDLIB_H 1
#define HAVE_STRING_H 1
#define HAVE_MEMORY_H 1
#define HAVE_STRINGS_H 1
#define HAVE_INTTYPES_H 1
#define HAVE_STDINT_H 1
#define HAVE_UNISTD_H 1

configure: exit 0
